<?xml version="1.0" encoding="UTF-8"?>
<!-- Generated by org.testng.reporters.JUnitReportReporter -->
<testsuite hostname="subash" failures="0" tests="1" name="in.amazon.JenkinsDemo.VerifyTitle" time="0.198" errors="0" timestamp="19 Jul 2023 04:46:37 GMT" skipped="0">
  <testcase classname="in.amazon.JenkinsDemo.VerifyTitle" name="titleVerification" time="0.198"/>
</testsuite> <!-- in.amazon.JenkinsDemo.VerifyTitle -->
